{"/mnt/disco2/local-code/ztm/ts/calculations.ts": {"path":"/mnt/disco2/local-code/ztm/ts/calculations.ts","statementMap":{"0":{"start":{"line":1,"column":12},"end":{"line":1,"column":74}},"1":{"start":{"line":1,"column":61},"end":{"line":1,"column":74}},"2":{"start":{"line":15,"column":9},"end":{"line":15,"column":12}},"3":{"start":{"line":3,"column":16},"end":{"line":3,"column":78}},"4":{"start":{"line":3,"column":65},"end":{"line":3,"column":78}},"5":{"start":{"line":15,"column":14},"end":{"line":15,"column":21}},"6":{"start":{"line":5,"column":15},"end":{"line":5,"column":77}},"7":{"start":{"line":5,"column":64},"end":{"line":5,"column":77}},"8":{"start":{"line":15,"column":23},"end":{"line":15,"column":29}},"9":{"start":{"line":7,"column":17},"end":{"line":13,"column":1}},"10":{"start":{"line":8,"column":2},"end":{"line":12,"column":3}},"11":{"start":{"line":9,"column":4},"end":{"line":9,"column":48}},"12":{"start":{"line":11,"column":4},"end":{"line":11,"column":17}},"13":{"start":{"line":15,"column":31},"end":{"line":15,"column":39}}},"fnMap":{"0":{"name":"(anonymous_0)","decl":{"start":{"line":1,"column":12},"end":{"line":1,"column":17}},"loc":{"start":{"line":1,"column":61},"end":{"line":1,"column":74}}},"1":{"name":"(anonymous_1)","decl":{"start":{"line":3,"column":16},"end":{"line":3,"column":21}},"loc":{"start":{"line":3,"column":65},"end":{"line":3,"column":78}}},"2":{"name":"(anonymous_2)","decl":{"start":{"line":5,"column":15},"end":{"line":5,"column":20}},"loc":{"start":{"line":5,"column":64},"end":{"line":5,"column":77}}},"3":{"name":"(anonymous_3)","decl":{"start":{"line":7,"column":17},"end":{"line":7,"column":22}},"loc":{"start":{"line":7,"column":65},"end":{"line":13,"column":1}}}},"branchMap":{"0":{"loc":{"start":{"line":8,"column":2},"end":{"line":12,"column":3}},"type":"if","locations":[{"start":{"line":8,"column":2},"end":{"line":12,"column":3}},{"start":{"line":10,"column":9},"end":{"line":12,"column":3}}]}},"s":{"0":1,"1":1,"2":1,"3":1,"4":1,"5":1,"6":1,"7":1,"8":1,"9":1,"10":0,"11":0,"12":0,"13":1},"f":{"0":1,"1":1,"2":1,"3":0},"b":{"0":[0,0]}}
}
